<?xml version="1.0" encoding="UTF-8"?>
<!-- Generated by org.testng.reporters.JUnitReportReporter -->
<testsuite skipped="0" hostname="DESKTOP-2AN5I1U" name="ua.com.epam.FiltersAuthorTests" tests="6" failures="0" timestamp="25 лист. 2019 14:40:55 GMT" time="0.250" errors="0">
  <testcase name="checkSizeAuthors" time="0.051" classname="ua.com.epam.FiltersAuthorTests"/>
  <testcase name="checkPageAuthors" time="0.046" classname="ua.com.epam.FiltersAuthorTests"/>
  <testcase name="checkSortBy" time="0.031" classname="ua.com.epam.FiltersAuthorTests"/>
  <testcase name="checkOrderTypeDesc" time="0.034" classname="ua.com.epam.FiltersAuthorTests"/>
  <testcase name="checkPaginationAuthors" time="0.049" classname="ua.com.epam.FiltersAuthorTests"/>
  <testcase name="checkOrderTypeAsc" time="0.039" classname="ua.com.epam.FiltersAuthorTests"/>
</testsuite> <!-- ua.com.epam.FiltersAuthorTests -->
