<?xml version="1.0" encoding="UTF-8"?>
<!-- Generated by org.testng.reporters.JUnitReportReporter -->
<testsuite skipped="0" hostname="DESKTOP-2AN5I1U" name="ua.com.epam.CRUDAuthorTest" tests="4" failures="0" timestamp="24 лист. 2019 18:11:24 GMT" time="1.069" errors="0">
  <testcase name="postAuthor" time="0.061" classname="ua.com.epam.CRUDAuthorTest"/>
  <testcase name="checkCreateSeveralAuthors" time="0.564" classname="ua.com.epam.CRUDAuthorTest"/>
  <testcase name="checkDeleteAuthor" time="0.081" classname="ua.com.epam.CRUDAuthorTest"/>
  <testcase name="checkUpdateAuthor" time="0.363" classname="ua.com.epam.CRUDAuthorTest"/>
</testsuite> <!-- ua.com.epam.CRUDAuthorTest -->
