<?xml version="1.0" encoding="UTF-8"?>
<!-- Generated by org.testng.reporters.JUnitReportReporter -->
<testsuite skipped="0" hostname="DESKTOP-2AN5I1U" name="ua.com.epam.CRUDAuthorTest" tests="4" failures="0" timestamp="25 лист. 2019 14:40:55 GMT" time="2.235" errors="0">
  <testcase name="checkDeleteAuthor" time="0.602" classname="ua.com.epam.CRUDAuthorTest"/>
  <testcase name="postAuthor" time="0.072" classname="ua.com.epam.CRUDAuthorTest"/>
  <testcase name="checkCreateSeveralAuthors" time="1.391" classname="ua.com.epam.CRUDAuthorTest"/>
  <testcase name="checkUpdateAuthor" time="0.170" classname="ua.com.epam.CRUDAuthorTest"/>
</testsuite> <!-- ua.com.epam.CRUDAuthorTest -->
