<?xml version="1.0" encoding="UTF-8"?>
<!-- Generated by org.testng.reporters.JUnitReportReporter -->
<testsuite skipped="0" hostname="DESKTOP-2AN5I1U" name="ua.com.epam.NegativeCRUDTests" tests="3" failures="0" timestamp="24 лист. 2019 18:11:24 GMT" time="0.135" errors="0">
  <testcase name="checkDuplicatedAuthors" time="0.041" classname="ua.com.epam.NegativeCRUDTests"/>
  <testcase name="checkUnknownURL" time="0.018" classname="ua.com.epam.NegativeCRUDTests"/>
  <testcase name="checkUnExistedAuthors" time="0.076" classname="ua.com.epam.NegativeCRUDTests"/>
</testsuite> <!-- ua.com.epam.NegativeCRUDTests -->
