<?xml version="1.0" encoding="UTF-8"?>
<!-- Generated by org.testng.reporters.JUnitReportReporter -->
<testsuite skipped="0" hostname="DESKTOP-2AN5I1U" name="ua.com.epam.SearchAuthorTests" tests="2" failures="0" timestamp="24 лист. 2019 18:11:24 GMT" time="0.098" errors="0">
  <testcase name="checkIncorrectSearch" time="0.016" classname="ua.com.epam.SearchAuthorTests"/>
  <testcase name="checkCorrectSearch" time="0.082" classname="ua.com.epam.SearchAuthorTests"/>
</testsuite> <!-- ua.com.epam.SearchAuthorTests -->
