<?xml version="1.0" encoding="UTF-8"?>
<!-- Generated by org.testng.reporters.JUnitReportReporter -->
<testsuite skipped="0" hostname="DESKTOP-2AN5I1U" name="ua.com.epam.SearchAuthorTests" tests="2" failures="0" timestamp="25 лист. 2019 14:40:55 GMT" time="0.538" errors="0">
  <testcase name="checkIncorrectSearch" time="0.026" classname="ua.com.epam.SearchAuthorTests"/>
  <testcase name="checkCorrectSearch" time="0.512" classname="ua.com.epam.SearchAuthorTests"/>
</testsuite> <!-- ua.com.epam.SearchAuthorTests -->
