<?xml version="1.0" encoding="UTF-8"?>
<!-- Generated by org.testng.reporters.JUnitReportReporter -->
<testsuite skipped="0" hostname="DESKTOP-2AN5I1U" name="ua.com.epam.NegativeCRUDTests" tests="3" failures="0" timestamp="25 лист. 2019 14:40:55 GMT" time="0.254" errors="0">
  <testcase name="checkDuplicatedAuthors" time="0.088" classname="ua.com.epam.NegativeCRUDTests"/>
  <testcase name="checkUnExistedAuthors" time="0.129" classname="ua.com.epam.NegativeCRUDTests"/>
  <testcase name="checkUnknownURL" time="0.037" classname="ua.com.epam.NegativeCRUDTests"/>
</testsuite> <!-- ua.com.epam.NegativeCRUDTests -->
